{"C:\\Users\\owens\\Documents\\FoodLoop\\FoodLoop_Backend\\backend\\src\\application\\AuthApplication.ts": {"path":"C:\\Users\\owens\\Documents\\FoodLoop\\FoodLoop_Backend\\backend\\src\\application\\AuthApplication.ts","statementMap":{"0":{"start":{"line":1,"column":0},"end":{"line":1,"column":31}},"1":{"start":{"line":2,"column":16},"end":{"line":2,"column":53}},"2":{"start":{"line":5,"column":8},"end":{"line":5,"column":61}},"3":{"start":{"line":9,"column":8},"end":{"line":9,"column":42}},"4":{"start":{"line":3,"column":0},"end":{"line":3,"column":13}}},"fnMap":{"0":{"name":"(anonymous_1)","decl":{"start":{"line":4,"column":4},"end":{"line":4,"column":10}},"loc":{"start":{"line":4,"column":39},"end":{"line":6,"column":5}}},"1":{"name":"(anonymous_2)","decl":{"start":{"line":8,"column":4},"end":{"line":8,"column":10}},"loc":{"start":{"line":8,"column":35},"end":{"line":10,"column":5}}}},"branchMap":{},"s":{"0":1,"1":1,"2":1,"3":0,"4":1},"f":{"0":1,"1":0},"b":{}}
,"C:\\Users\\owens\\Documents\\FoodLoop\\FoodLoop_Backend\\backend\\src\\application\\CategoriaApplication.ts": {"path":"C:\\Users\\owens\\Documents\\FoodLoop\\FoodLoop_Backend\\backend\\src\\application\\CategoriaApplication.ts","statementMap":{"0":{"start":{"line":7,"column":8},"end":{"line":7,"column":25}},"1":{"start":{"line":11,"column":8},"end":{"line":11,"column":58}},"2":{"start":{"line":15,"column":25},"end":{"line":15,"column":61}},"3":{"start":{"line":16,"column":8},"end":{"line":16,"column":66}},"4":{"start":{"line":16,"column":23},"end":{"line":16,"column":66}},"5":{"start":{"line":17,"column":8},"end":{"line":17,"column":62}},"6":{"start":{"line":21,"column":25},"end":{"line":21,"column":61}},"7":{"start":{"line":22,"column":8},"end":{"line":22,"column":66}},"8":{"start":{"line":22,"column":23},"end":{"line":22,"column":66}},"9":{"start":{"line":23,"column":8},"end":{"line":23,"column":51}},"10":{"start":{"line":27,"column":8},"end":{"line":27,"column":52}},"11":{"start":{"line":31,"column":8},"end":{"line":31,"column":50}},"12":{"start":{"line":4,"column":0},"end":{"line":4,"column":13}}},"fnMap":{"0":{"name":"(anonymous_0)","decl":{"start":{"line":6,"column":4},"end":{"line":6,"column":16}},"loc":{"start":{"line":6,"column":35},"end":{"line":8,"column":5}}},"1":{"name":"(anonymous_1)","decl":{"start":{"line":10,"column":4},"end":{"line":10,"column":9}},"loc":{"start":{"line":10,"column":58},"end":{"line":12,"column":5}}},"2":{"name":"(anonymous_2)","decl":{"start":{"line":14,"column":4},"end":{"line":14,"column":9}},"loc":{"start":{"line":14,"column":67},"end":{"line":18,"column":5}}},"3":{"name":"(anonymous_3)","decl":{"start":{"line":20,"column":4},"end":{"line":20,"column":9}},"loc":{"start":{"line":20,"column":36},"end":{"line":24,"column":5}}},"4":{"name":"(anonymous_4)","decl":{"start":{"line":26,"column":4},"end":{"line":26,"column":9}},"loc":{"start":{"line":26,"column":37},"end":{"line":28,"column":5}}},"5":{"name":"(anonymous_5)","decl":{"start":{"line":30,"column":4},"end":{"line":30,"column":9}},"loc":{"start":{"line":30,"column":26},"end":{"line":32,"column":5}}}},"branchMap":{"0":{"loc":{"start":{"line":16,"column":8},"end":{"line":16,"column":66}},"type":"if","locations":[{"start":{"line":16,"column":8},"end":{"line":16,"column":66}}]},"1":{"loc":{"start":{"line":22,"column":8},"end":{"line":22,"column":66}},"type":"if","locations":[{"start":{"line":22,"column":8},"end":{"line":22,"column":66}}]}},"s":{"0":2,"1":1,"2":1,"3":1,"4":1,"5":0,"6":0,"7":0,"8":0,"9":0,"10":0,"11":0,"12":1},"f":{"0":2,"1":1,"2":1,"3":0,"4":0,"5":0},"b":{"0":[1],"1":[0]}}
,"C:\\Users\\owens\\Documents\\FoodLoop\\FoodLoop_Backend\\backend\\src\\application\\PublicacionApplication.ts": {"path":"C:\\Users\\owens\\Documents\\FoodLoop\\FoodLoop_Backend\\backend\\src\\application\\PublicacionApplication.ts","statementMap":{"0":{"start":{"line":7,"column":8},"end":{"line":7,"column":25}},"1":{"start":{"line":11,"column":8},"end":{"line":11,"column":62}},"2":{"start":{"line":15,"column":25},"end":{"line":15,"column":63}},"3":{"start":{"line":16,"column":8},"end":{"line":16,"column":68}},"4":{"start":{"line":16,"column":23},"end":{"line":16,"column":68}},"5":{"start":{"line":17,"column":8},"end":{"line":17,"column":66}},"6":{"start":{"line":21,"column":25},"end":{"line":21,"column":63}},"7":{"start":{"line":22,"column":8},"end":{"line":22,"column":68}},"8":{"start":{"line":22,"column":23},"end":{"line":22,"column":68}},"9":{"start":{"line":23,"column":8},"end":{"line":23,"column":53}},"10":{"start":{"line":27,"column":8},"end":{"line":27,"column":54}},"11":{"start":{"line":31,"column":8},"end":{"line":31,"column":53}},"12":{"start":{"line":4,"column":0},"end":{"line":4,"column":13}}},"fnMap":{"0":{"name":"(anonymous_0)","decl":{"start":{"line":6,"column":4},"end":{"line":6,"column":16}},"loc":{"start":{"line":6,"column":37},"end":{"line":8,"column":5}}},"1":{"name":"(anonymous_1)","decl":{"start":{"line":10,"column":4},"end":{"line":10,"column":9}},"loc":{"start":{"line":10,"column":64},"end":{"line":12,"column":5}}},"2":{"name":"(anonymous_2)","decl":{"start":{"line":14,"column":4},"end":{"line":14,"column":9}},"loc":{"start":{"line":14,"column":73},"end":{"line":18,"column":5}}},"3":{"name":"(anonymous_3)","decl":{"start":{"line":20,"column":4},"end":{"line":20,"column":9}},"loc":{"start":{"line":20,"column":38},"end":{"line":24,"column":5}}},"4":{"name":"(anonymous_4)","decl":{"start":{"line":26,"column":4},"end":{"line":26,"column":9}},"loc":{"start":{"line":26,"column":39},"end":{"line":28,"column":5}}},"5":{"name":"(anonymous_5)","decl":{"start":{"line":30,"column":4},"end":{"line":30,"column":9}},"loc":{"start":{"line":30,"column":29},"end":{"line":32,"column":5}}}},"branchMap":{"0":{"loc":{"start":{"line":16,"column":8},"end":{"line":16,"column":68}},"type":"if","locations":[{"start":{"line":16,"column":8},"end":{"line":16,"column":68}}]},"1":{"loc":{"start":{"line":22,"column":8},"end":{"line":22,"column":68}},"type":"if","locations":[{"start":{"line":22,"column":8},"end":{"line":22,"column":68}}]}},"s":{"0":1,"1":1,"2":0,"3":0,"4":0,"5":0,"6":0,"7":0,"8":0,"9":0,"10":0,"11":0,"12":1},"f":{"0":1,"1":1,"2":0,"3":0,"4":0,"5":0},"b":{"0":[0],"1":[0]}}
,"C:\\Users\\owens\\Documents\\FoodLoop\\FoodLoop_Backend\\backend\\src\\application\\ReporteApplication.ts": {"path":"C:\\Users\\owens\\Documents\\FoodLoop\\FoodLoop_Backend\\backend\\src\\application\\ReporteApplication.ts","statementMap":{"0":{"start":{"line":7,"column":8},"end":{"line":7,"column":25}},"1":{"start":{"line":11,"column":8},"end":{"line":11,"column":54}},"2":{"start":{"line":15,"column":25},"end":{"line":15,"column":59}},"3":{"start":{"line":16,"column":8},"end":{"line":16,"column":64}},"4":{"start":{"line":16,"column":23},"end":{"line":16,"column":64}},"5":{"start":{"line":17,"column":8},"end":{"line":17,"column":58}},"6":{"start":{"line":21,"column":25},"end":{"line":21,"column":59}},"7":{"start":{"line":22,"column":8},"end":{"line":22,"column":64}},"8":{"start":{"line":22,"column":23},"end":{"line":22,"column":64}},"9":{"start":{"line":23,"column":8},"end":{"line":23,"column":49}},"10":{"start":{"line":27,"column":8},"end":{"line":27,"column":50}},"11":{"start":{"line":31,"column":8},"end":{"line":31,"column":48}},"12":{"start":{"line":4,"column":0},"end":{"line":4,"column":13}}},"fnMap":{"0":{"name":"(anonymous_0)","decl":{"start":{"line":6,"column":4},"end":{"line":6,"column":16}},"loc":{"start":{"line":6,"column":33},"end":{"line":8,"column":5}}},"1":{"name":"(anonymous_1)","decl":{"start":{"line":10,"column":4},"end":{"line":10,"column":9}},"loc":{"start":{"line":10,"column":52},"end":{"line":12,"column":5}}},"2":{"name":"(anonymous_2)","decl":{"start":{"line":14,"column":4},"end":{"line":14,"column":9}},"loc":{"start":{"line":14,"column":61},"end":{"line":18,"column":5}}},"3":{"name":"(anonymous_3)","decl":{"start":{"line":20,"column":4},"end":{"line":20,"column":9}},"loc":{"start":{"line":20,"column":34},"end":{"line":24,"column":5}}},"4":{"name":"(anonymous_4)","decl":{"start":{"line":26,"column":4},"end":{"line":26,"column":9}},"loc":{"start":{"line":26,"column":35},"end":{"line":28,"column":5}}},"5":{"name":"(anonymous_5)","decl":{"start":{"line":30,"column":4},"end":{"line":30,"column":9}},"loc":{"start":{"line":30,"column":24},"end":{"line":32,"column":5}}}},"branchMap":{"0":{"loc":{"start":{"line":16,"column":8},"end":{"line":16,"column":64}},"type":"if","locations":[{"start":{"line":16,"column":8},"end":{"line":16,"column":64}}]},"1":{"loc":{"start":{"line":22,"column":8},"end":{"line":22,"column":64}},"type":"if","locations":[{"start":{"line":22,"column":8},"end":{"line":22,"column":64}}]}},"s":{"0":1,"1":1,"2":0,"3":0,"4":0,"5":0,"6":0,"7":0,"8":0,"9":0,"10":0,"11":0,"12":1},"f":{"0":1,"1":1,"2":0,"3":0,"4":0,"5":0},"b":{"0":[0],"1":[0]}}
,"C:\\Users\\owens\\Documents\\FoodLoop\\FoodLoop_Backend\\backend\\src\\application\\TransaccionApplication.ts": {"path":"C:\\Users\\owens\\Documents\\FoodLoop\\FoodLoop_Backend\\backend\\src\\application\\TransaccionApplication.ts","statementMap":{"0":{"start":{"line":7,"column":8},"end":{"line":7,"column":25}},"1":{"start":{"line":11,"column":8},"end":{"line":11,"column":62}},"2":{"start":{"line":15,"column":25},"end":{"line":15,"column":63}},"3":{"start":{"line":16,"column":8},"end":{"line":16,"column":68}},"4":{"start":{"line":16,"column":23},"end":{"line":16,"column":68}},"5":{"start":{"line":17,"column":8},"end":{"line":17,"column":66}},"6":{"start":{"line":21,"column":25},"end":{"line":21,"column":63}},"7":{"start":{"line":22,"column":8},"end":{"line":22,"column":68}},"8":{"start":{"line":22,"column":23},"end":{"line":22,"column":68}},"9":{"start":{"line":23,"column":8},"end":{"line":23,"column":53}},"10":{"start":{"line":27,"column":8},"end":{"line":27,"column":54}},"11":{"start":{"line":31,"column":8},"end":{"line":31,"column":53}},"12":{"start":{"line":4,"column":0},"end":{"line":4,"column":13}}},"fnMap":{"0":{"name":"(anonymous_0)","decl":{"start":{"line":6,"column":4},"end":{"line":6,"column":16}},"loc":{"start":{"line":6,"column":37},"end":{"line":8,"column":5}}},"1":{"name":"(anonymous_1)","decl":{"start":{"line":10,"column":4},"end":{"line":10,"column":9}},"loc":{"start":{"line":10,"column":64},"end":{"line":12,"column":5}}},"2":{"name":"(anonymous_2)","decl":{"start":{"line":14,"column":4},"end":{"line":14,"column":9}},"loc":{"start":{"line":14,"column":73},"end":{"line":18,"column":5}}},"3":{"name":"(anonymous_3)","decl":{"start":{"line":20,"column":4},"end":{"line":20,"column":9}},"loc":{"start":{"line":20,"column":38},"end":{"line":24,"column":5}}},"4":{"name":"(anonymous_4)","decl":{"start":{"line":26,"column":4},"end":{"line":26,"column":9}},"loc":{"start":{"line":26,"column":39},"end":{"line":28,"column":5}}},"5":{"name":"(anonymous_5)","decl":{"start":{"line":30,"column":4},"end":{"line":30,"column":9}},"loc":{"start":{"line":30,"column":29},"end":{"line":32,"column":5}}}},"branchMap":{"0":{"loc":{"start":{"line":16,"column":8},"end":{"line":16,"column":68}},"type":"if","locations":[{"start":{"line":16,"column":8},"end":{"line":16,"column":68}}]},"1":{"loc":{"start":{"line":22,"column":8},"end":{"line":22,"column":68}},"type":"if","locations":[{"start":{"line":22,"column":8},"end":{"line":22,"column":68}}]}},"s":{"0":1,"1":1,"2":0,"3":0,"4":0,"5":0,"6":0,"7":0,"8":0,"9":0,"10":0,"11":0,"12":1},"f":{"0":1,"1":1,"2":0,"3":0,"4":0,"5":0},"b":{"0":[0],"1":[0]}}
,"C:\\Users\\owens\\Documents\\FoodLoop\\FoodLoop_Backend\\backend\\src\\application\\UserApplicationService.ts": {"path":"C:\\Users\\owens\\Documents\\FoodLoop\\FoodLoop_Backend\\backend\\src\\application\\UserApplicationService.ts","statementMap":{"0":{"start":{"line":3,"column":0},"end":{"line":3,"column":52}},"1":{"start":{"line":4,"column":0},"end":{"line":4,"column":30}},"2":{"start":{"line":9,"column":8},"end":{"line":9,"column":25}},"3":{"start":{"line":13,"column":29},"end":{"line":13,"column":67}},"4":{"start":{"line":14,"column":8},"end":{"line":16,"column":9}},"5":{"start":{"line":15,"column":12},"end":{"line":15,"column":55}},"6":{"start":{"line":17,"column":30},"end":{"line":17,"column":83}},"7":{"start":{"line":18,"column":8},"end":{"line":20,"column":9}},"8":{"start":{"line":19,"column":12},"end":{"line":19,"column":55}},"9":{"start":{"line":21,"column":22},"end":{"line":24,"column":10}},"10":{"start":{"line":25,"column":8},"end":{"line":25,"column":21}},"11":{"start":{"line":29,"column":29},"end":{"line":29,"column":72}},"12":{"start":{"line":30,"column":8},"end":{"line":34,"column":9}},"13":{"start":{"line":31,"column":35},"end":{"line":31,"column":71}},"14":{"start":{"line":32,"column":12},"end":{"line":32,"column":43}},"15":{"start":{"line":33,"column":12},"end":{"line":33,"column":46}},"16":{"start":{"line":35,"column":8},"end":{"line":35,"column":48}},"17":{"start":{"line":39,"column":29},"end":{"line":39,"column":60}},"18":{"start":{"line":40,"column":8},"end":{"line":42,"column":9}},"19":{"start":{"line":41,"column":12},"end":{"line":41,"column":53}},"20":{"start":{"line":43,"column":8},"end":{"line":48,"column":9}},"21":{"start":{"line":44,"column":31},"end":{"line":44,"column":74}},"22":{"start":{"line":45,"column":12},"end":{"line":47,"column":13}},"23":{"start":{"line":46,"column":16},"end":{"line":46,"column":60}},"24":{"start":{"line":49,"column":8},"end":{"line":49,"column":52}},"25":{"start":{"line":53,"column":29},"end":{"line":53,"column":60}},"26":{"start":{"line":54,"column":8},"end":{"line":56,"column":9}},"27":{"start":{"line":55,"column":12},"end":{"line":55,"column":53}},"28":{"start":{"line":57,"column":8},"end":{"line":57,"column":46}},"29":{"start":{"line":61,"column":8},"end":{"line":61,"column":47}},"30":{"start":{"line":65,"column":8},"end":{"line":65,"column":54}},"31":{"start":{"line":69,"column":8},"end":{"line":69,"column":45}},"32":{"start":{"line":6,"column":0},"end":{"line":6,"column":13}}},"fnMap":{"0":{"name":"(anonymous_1)","decl":{"start":{"line":8,"column":4},"end":{"line":8,"column":16}},"loc":{"start":{"line":8,"column":30},"end":{"line":10,"column":5}}},"1":{"name":"(anonymous_2)","decl":{"start":{"line":12,"column":4},"end":{"line":12,"column":9}},"loc":{"start":{"line":12,"column":48},"end":{"line":26,"column":5}}},"2":{"name":"(anonymous_3)","decl":{"start":{"line":28,"column":4},"end":{"line":28,"column":9}},"loc":{"start":{"line":28,"column":43},"end":{"line":36,"column":5}}},"3":{"name":"(anonymous_4)","decl":{"start":{"line":38,"column":4},"end":{"line":38,"column":9}},"loc":{"start":{"line":38,"column":52},"end":{"line":50,"column":5}}},"4":{"name":"(anonymous_5)","decl":{"start":{"line":52,"column":4},"end":{"line":52,"column":9}},"loc":{"start":{"line":52,"column":35},"end":{"line":58,"column":5}}},"5":{"name":"(anonymous_6)","decl":{"start":{"line":60,"column":4},"end":{"line":60,"column":9}},"loc":{"start":{"line":60,"column":32},"end":{"line":62,"column":5}}},"6":{"name":"(anonymous_7)","decl":{"start":{"line":64,"column":4},"end":{"line":64,"column":9}},"loc":{"start":{"line":64,"column":39},"end":{"line":66,"column":5}}},"7":{"name":"(anonymous_8)","decl":{"start":{"line":68,"column":4},"end":{"line":68,"column":9}},"loc":{"start":{"line":68,"column":21},"end":{"line":70,"column":5}}}},"branchMap":{"0":{"loc":{"start":{"line":14,"column":8},"end":{"line":16,"column":9}},"type":"if","locations":[{"start":{"line":14,"column":8},"end":{"line":16,"column":9}}]},"1":{"loc":{"start":{"line":18,"column":8},"end":{"line":20,"column":9}},"type":"if","locations":[{"start":{"line":18,"column":8},"end":{"line":20,"column":9}}]},"2":{"loc":{"start":{"line":30,"column":8},"end":{"line":34,"column":9}},"type":"if","locations":[{"start":{"line":30,"column":8},"end":{"line":34,"column":9}}]},"3":{"loc":{"start":{"line":40,"column":8},"end":{"line":42,"column":9}},"type":"if","locations":[{"start":{"line":40,"column":8},"end":{"line":42,"column":9}}]},"4":{"loc":{"start":{"line":43,"column":8},"end":{"line":48,"column":9}},"type":"if","locations":[{"start":{"line":43,"column":8},"end":{"line":48,"column":9}}]},"5":{"loc":{"start":{"line":45,"column":12},"end":{"line":47,"column":13}},"type":"if","locations":[{"start":{"line":45,"column":12},"end":{"line":47,"column":13}}]},"6":{"loc":{"start":{"line":45,"column":16},"end":{"line":45,"column":50}},"type":"binary-expr","locations":[{"start":{"line":45,"column":16},"end":{"line":45,"column":26}},{"start":{"line":45,"column":30},"end":{"line":45,"column":50}}]},"7":{"loc":{"start":{"line":54,"column":8},"end":{"line":56,"column":9}},"type":"if","locations":[{"start":{"line":54,"column":8},"end":{"line":56,"column":9}}]}},"s":{"0":1,"1":1,"2":2,"3":1,"4":1,"5":0,"6":1,"7":1,"8":0,"9":1,"10":1,"11":1,"12":1,"13":1,"14":1,"15":1,"16":0,"17":0,"18":0,"19":0,"20":0,"21":0,"22":0,"23":0,"24":0,"25":0,"26":0,"27":0,"28":0,"29":0,"30":0,"31":0,"32":1},"f":{"0":2,"1":1,"2":1,"3":0,"4":0,"5":0,"6":0,"7":0},"b":{"0":[0],"1":[0],"2":[1],"3":[0],"4":[0],"5":[0],"6":[0,0],"7":[0]}}
}
